{"C:\\Users\\Mytth\\Desktop\\Домашка\\JS 2nd module\\Задания по 2му модулю\\ajs-homeworks-master\\ajs-homeworks-master\\advanced\\ForIn\\src\\js\\main.js": {"path":"C:\\Users\\Mytth\\Desktop\\Домашка\\JS 2nd module\\Задания по 2му модулю\\ajs-homeworks-master\\ajs-homeworks-master\\advanced\\ForIn\\src\\js\\main.js","statementMap":{"0":{"start":{"line":2,"column":17},"end":{"line":2,"column":19}},"1":{"start":{"line":4,"column":2},"end":{"line":8,"column":3}},"2":{"start":{"line":5,"column":4},"end":{"line":7,"column":5}},"3":{"start":{"line":6,"column":6},"end":{"line":6,"column":47}},"4":{"start":{"line":9,"column":15},"end":{"line":9,"column":72}},"5":{"start":{"line":9,"column":51},"end":{"line":9,"column":71}},"6":{"start":{"line":10,"column":2},"end":{"line":12,"column":5}},"7":{"start":{"line":11,"column":4},"end":{"line":11,"column":45}},"8":{"start":{"line":13,"column":2},"end":{"line":13,"column":16}},"9":{"start":{"line":16,"column":18},"end":{"line":16,"column":33}},"10":{"start":{"line":17,"column":12},"end":{"line":17,"column":75}},"11":{"start":{"line":18,"column":20},"end":{"line":18,"column":97}},"12":{"start":{"line":25,"column":85},"end":{"line":25,"column":37488}},"13":{"start":{"line":25,"column":89},"end":{"line":25,"column":37477}}},"fnMap":{"0":{"name":"orderByProps","decl":{"start":{"line":1,"column":24},"end":{"line":1,"column":36}},"loc":{"start":{"line":1,"column":52},"end":{"line":14,"column":1}},"line":1},"1":{"name":"(anonymous_1)","decl":{"start":{"line":9,"column":42},"end":{"line":9,"column":43}},"loc":{"start":{"line":9,"column":51},"end":{"line":9,"column":71}},"line":9},"2":{"name":"(anonymous_2)","decl":{"start":{"line":10,"column":22},"end":{"line":10,"column":23}},"loc":{"start":{"line":10,"column":31},"end":{"line":12,"column":3}},"line":10},"3":{"name":"oo_cm","decl":{"start":{"line":25,"column":77},"end":{"line":25,"column":82}},"loc":{"start":{"line":25,"column":84},"end":{"line":25,"column":37489}},"line":25}},"branchMap":{"0":{"loc":{"start":{"line":5,"column":4},"end":{"line":7,"column":5}},"type":"if","locations":[{"start":{"line":5,"column":4},"end":{"line":7,"column":5}},{"start":{},"end":{}}],"line":5},"1":{"loc":{"start":{"line":25,"column":96},"end":{"line":25,"column":37476}},"type":"binary-expr","locations":[{"start":{"line":25,"column":96},"end":{"line":25,"column":133}},{"start":{"line":25,"column":137},"end":{"line":25,"column":37476}}],"line":25}},"s":{"0":3,"1":3,"2":6,"3":4,"4":3,"5":15,"6":3,"7":11,"8":3,"9":1,"10":1,"11":1,"12":1,"13":1},"f":{"0":3,"1":15,"2":11,"3":1},"b":{"0":[4,2],"1":[1,1]},"_coverageSchema":"1a1c01bbd47fc00a2c39e90264f33305004495a9","hash":"99d517c6af94a93dca2e87a5268c0cef634fba45"}
}
